[2019-06-12 16:16:57] app.ERROR: Data from PrestaShop Addons is invalid, and cannot fallback on cache.  {"exception":"cURL error 28: Operation timed out after 5000 milliseconds with 1205696104235008 bytes received"} []
[2019-06-26 21:07:58] app.ERROR: Data from PrestaShop Addons is invalid, and cannot fallback on cache.  {"exception":"cURL error 28: Operation timed out after 5000 milliseconds with 1071521325907968 bytes received"} []
[2019-06-30 16:54:20] request.CRITICAL: Uncaught PHP Exception Symfony\Component\Debug\Exception\FatalErrorException: "Error: Maximum execution time of 30 seconds exceeded" at C:\xampp\htdocs\prestashop\classes\Tools.php line 2100 {"exception":"[object] (Symfony\\Component\\Debug\\Exception\\FatalErrorException(code: 0): Error: Maximum execution time of 30 seconds exceeded at C:\\xampp\\htdocs\\prestashop\\classes\\Tools.php:2100)"} []
[2019-06-30 16:55:09] request.CRITICAL: Uncaught PHP Exception Symfony\Component\Debug\Exception\FatalErrorException: "Error: Maximum execution time of 30 seconds exceeded" at C:\xampp\htdocs\prestashop\classes\Tools.php line 2100 {"exception":"[object] (Symfony\\Component\\Debug\\Exception\\FatalErrorException(code: 0): Error: Maximum execution time of 30 seconds exceeded at C:\\xampp\\htdocs\\prestashop\\classes\\Tools.php:2100)"} []
[2019-07-03 13:23:40] request.CRITICAL: Uncaught PHP Exception Symfony\Component\Debug\Exception\FatalErrorException: "Error: Maximum execution time of 30 seconds exceeded" at C:\xampp\htdocs\prestashop\classes\Tools.php line 2085 {"exception":"[object] (Symfony\\Component\\Debug\\Exception\\FatalErrorException(code: 0): Error: Maximum execution time of 30 seconds exceeded at C:\\xampp\\htdocs\\prestashop\\classes\\Tools.php:2085)"} []
[2019-07-03 13:31:30] request.CRITICAL: Uncaught PHP Exception Symfony\Component\Debug\Exception\FatalErrorException: "Error: Maximum execution time of 30 seconds exceeded" at C:\xampp\htdocs\prestashop\classes\Tools.php line 2085 {"exception":"[object] (Symfony\\Component\\Debug\\Exception\\FatalErrorException(code: 0): Error: Maximum execution time of 30 seconds exceeded at C:\\xampp\\htdocs\\prestashop\\classes\\Tools.php:2085)"} []
[2019-07-03 13:32:44] request.CRITICAL: Uncaught PHP Exception Symfony\Component\Debug\Exception\FatalErrorException: "Error: Maximum execution time of 30 seconds exceeded" at C:\xampp\htdocs\prestashop\classes\Tools.php line 2085 {"exception":"[object] (Symfony\\Component\\Debug\\Exception\\FatalErrorException(code: 0): Error: Maximum execution time of 30 seconds exceeded at C:\\xampp\\htdocs\\prestashop\\classes\\Tools.php:2085)"} []
[2019-07-03 13:33:44] request.INFO: Matched route "admin_payment_methods". {"route":"admin_payment_methods","route_parameters":{"_controller":"PrestaShopBundle\\Controller\\Admin\\Improve\\Payment\\PaymentMethodsController::indexAction","_legacy_controller":"AdminPayment","_legacy_link":"AdminPayment","_route":"admin_payment_methods"},"request_uri":"http://localhost/prestashop/adminweb/index.php/improve/payment/payment_methods?_token=7xWqxegUIdmfBI9d7zEiIUG86pAqHjdkY_79TBCaV2M","method":"GET"} []
[2019-07-03 13:33:44] security.DEBUG: Read existing security token from the session. {"key":"_security_main","token_class":"Symfony\\Component\\Security\\Core\\Authentication\\Token\\UsernamePasswordToken"} []
[2019-07-03 13:33:44] security.DEBUG: User was reloaded from a user provider. {"provider":"PrestaShopBundle\\Security\\Admin\\EmployeeProvider","username":"fabiyudzaky@yahoo.co.id"} []
[2019-07-03 13:33:55] app.ERROR: Data from PrestaShop Addons is invalid, and cannot fallback on cache.  {"exception":"cURL error 28: Operation timed out after 5015 milliseconds with 104127187124224 bytes received"} []
[2019-07-03 13:33:57] security.DEBUG: Stored the security token in the session. {"key":"_security_main"} []
[2019-07-03 13:34:30] request.CRITICAL: Uncaught PHP Exception Symfony\Component\Debug\Exception\FatalErrorException: "Error: Maximum execution time of 30 seconds exceeded" at C:\xampp\htdocs\prestashop\classes\Tools.php line 2085 {"exception":"[object] (Symfony\\Component\\Debug\\Exception\\FatalErrorException(code: 0): Error: Maximum execution time of 30 seconds exceeded at C:\\xampp\\htdocs\\prestashop\\classes\\Tools.php:2085)"} []
[2019-07-03 13:34:30] request.CRITICAL: Uncaught PHP Exception Symfony\Component\Debug\Exception\FatalErrorException: "Error: Maximum execution time of 30 seconds exceeded" at C:\xampp\htdocs\prestashop\vendor\symfony\symfony\src\Symfony\Component\HttpFoundation\Session\Storage\Handler\StrictSessionHandler.php line 48 {"exception":"[object] (Symfony\\Component\\Debug\\Exception\\FatalErrorException(code: 0): Error: Maximum execution time of 30 seconds exceeded at C:\\xampp\\htdocs\\prestashop\\vendor\\symfony\\symfony\\src\\Symfony\\Component\\HttpFoundation\\Session\\Storage\\Handler\\StrictSessionHandler.php:48)"} []
[2019-07-03 14:23:52] request.INFO: Matched route "admin_payment_methods". {"route":"admin_payment_methods","route_parameters":{"_controller":"PrestaShopBundle\\Controller\\Admin\\Improve\\Payment\\PaymentMethodsController::indexAction","_legacy_controller":"AdminPayment","_legacy_link":"AdminPayment","_route":"admin_payment_methods"},"request_uri":"http://localhost/prestashop/adminweb/index.php/improve/payment/payment_methods?_token=7xWqxegUIdmfBI9d7zEiIUG86pAqHjdkY_79TBCaV2M","method":"GET"} []
[2019-07-03 14:23:52] security.DEBUG: Read existing security token from the session. {"key":"_security_main","token_class":"Symfony\\Component\\Security\\Core\\Authentication\\Token\\UsernamePasswordToken"} []
[2019-07-03 14:23:52] security.DEBUG: User was reloaded from a user provider. {"provider":"PrestaShopBundle\\Security\\Admin\\EmployeeProvider","username":"fabiyudzaky@yahoo.co.id"} []
[2019-07-03 14:23:53] app.ERROR: Data from PrestaShop Addons is invalid, and cannot fallback on cache.  {"exception":"cURL error 6: Could not resolve host: api-addons.prestashop.com"} []
[2019-07-03 14:23:54] security.DEBUG: Stored the security token in the session. {"key":"_security_main"} []
[2019-07-03 14:23:56] request.INFO: Matched route "admin_module_configure_action". {"route":"admin_module_configure_action","route_parameters":{"_controller":"PrestaShopBundle\\Controller\\Admin\\Improve\\ModuleController::configureModuleAction","_legacy_controller":"AdminModules","module_name":"ps_wirepayment","_route":"admin_module_configure_action"},"request_uri":"http://localhost/prestashop/adminweb/index.php/improve/modules/manage/action/configure/ps_wirepayment?_token=7xWqxegUIdmfBI9d7zEiIUG86pAqHjdkY_79TBCaV2M","method":"GET"} []
[2019-07-03 14:23:57] security.DEBUG: Read existing security token from the session. {"key":"_security_main","token_class":"Symfony\\Component\\Security\\Core\\Authentication\\Token\\UsernamePasswordToken"} []
[2019-07-03 14:23:57] security.DEBUG: User was reloaded from a user provider. {"provider":"PrestaShopBundle\\Security\\Admin\\EmployeeProvider","username":"fabiyudzaky@yahoo.co.id"} []
[2019-07-03 14:23:58] app.ERROR: Data from PrestaShop Addons is invalid, and cannot fallback on cache.  {"exception":"cURL error 6: Could not resolve host: api-addons.prestashop.com"} []
[2019-07-03 14:24:01] security.DEBUG: Stored the security token in the session. {"key":"_security_main"} []
[2019-07-03 14:27:55] request.INFO: Matched route "admin_payment_methods". {"route":"admin_payment_methods","route_parameters":{"_controller":"PrestaShopBundle\\Controller\\Admin\\Improve\\Payment\\PaymentMethodsController::indexAction","_legacy_controller":"AdminPayment","_legacy_link":"AdminPayment","_route":"admin_payment_methods"},"request_uri":"http://localhost/prestashop/adminweb/index.php/improve/payment/payment_methods?_token=7xWqxegUIdmfBI9d7zEiIUG86pAqHjdkY_79TBCaV2M","method":"GET"} []
[2019-07-03 14:27:55] security.DEBUG: Read existing security token from the session. {"key":"_security_main","token_class":"Symfony\\Component\\Security\\Core\\Authentication\\Token\\UsernamePasswordToken"} []
[2019-07-03 14:27:55] security.DEBUG: User was reloaded from a user provider. {"provider":"PrestaShopBundle\\Security\\Admin\\EmployeeProvider","username":"fabiyudzaky@yahoo.co.id"} []
[2019-07-03 14:27:56] app.ERROR: Data from PrestaShop Addons is invalid, and cannot fallback on cache.  {"exception":"cURL error 6: Could not resolve host: api-addons.prestashop.com"} []
[2019-07-03 14:27:56] security.DEBUG: Stored the security token in the session. {"key":"_security_main"} []
[2019-07-03 14:28:07] request.INFO: Matched route "admin_module_configure_action". {"route":"admin_module_configure_action","route_parameters":{"_controller":"PrestaShopBundle\\Controller\\Admin\\Improve\\ModuleController::configureModuleAction","_legacy_controller":"AdminModules","module_name":"ps_checkpayment","_route":"admin_module_configure_action"},"request_uri":"http://localhost/prestashop/adminweb/index.php/improve/modules/manage/action/configure/ps_checkpayment?_token=7xWqxegUIdmfBI9d7zEiIUG86pAqHjdkY_79TBCaV2M","method":"GET"} []
[2019-07-03 14:28:07] security.DEBUG: Read existing security token from the session. {"key":"_security_main","token_class":"Symfony\\Component\\Security\\Core\\Authentication\\Token\\UsernamePasswordToken"} []
[2019-07-03 14:28:07] security.DEBUG: User was reloaded from a user provider. {"provider":"PrestaShopBundle\\Security\\Admin\\EmployeeProvider","username":"fabiyudzaky@yahoo.co.id"} []
[2019-07-03 14:28:08] app.ERROR: Data from PrestaShop Addons is invalid, and cannot fallback on cache.  {"exception":"cURL error 6: Could not resolve host: api-addons.prestashop.com"} []
[2019-07-03 14:28:08] security.DEBUG: Stored the security token in the session. {"key":"_security_main"} []
[2019-07-03 14:28:14] request.INFO: Matched route "admin_module_manage". {"route":"admin_module_manage","route_parameters":{"category":null,"keyword":null,"_controller":"PrestaShopBundle\\Controller\\Admin\\Improve\\ModuleController::manageAction","_legacy_controller":"AdminModulesManage","_legacy_link":["AdminModulesManage","AdminModulesSf"],"_route":"admin_module_manage"},"request_uri":"http://localhost/prestashop/adminweb/index.php/improve/modules/manage?_token=7xWqxegUIdmfBI9d7zEiIUG86pAqHjdkY_79TBCaV2M","method":"GET"} []
[2019-07-03 14:28:14] security.DEBUG: Read existing security token from the session. {"key":"_security_main","token_class":"Symfony\\Component\\Security\\Core\\Authentication\\Token\\UsernamePasswordToken"} []
[2019-07-03 14:28:14] security.DEBUG: User was reloaded from a user provider. {"provider":"PrestaShopBundle\\Security\\Admin\\EmployeeProvider","username":"fabiyudzaky@yahoo.co.id"} []
[2019-07-03 14:28:14] app.ERROR: Data from PrestaShop Addons is invalid, and cannot fallback on cache.  {"exception":"cURL error 6: Could not resolve host: api-addons.prestashop.com"} []
[2019-07-03 14:28:16] security.DEBUG: Stored the security token in the session. {"key":"_security_main"} []
[2019-07-03 14:28:17] request.INFO: Matched route "admin_module_notification_count". {"route":"admin_module_notification_count","route_parameters":{"_controller":"PrestaShopBundle\\Controller\\Admin\\Improve\\Modules\\AlertsController::notificationsCountAction","_legacy_controller":"AdminModulesNotifications","_legacy_link":"AdminModulesNotifications:count","_route":"admin_module_notification_count"},"request_uri":"http://localhost/prestashop/adminweb/index.php/improve/modules/alerts/count?_token=7xWqxegUIdmfBI9d7zEiIUG86pAqHjdkY_79TBCaV2M","method":"GET"} []
[2019-07-03 14:28:17] security.DEBUG: Read existing security token from the session. {"key":"_security_main","token_class":"Symfony\\Component\\Security\\Core\\Authentication\\Token\\UsernamePasswordToken"} []
[2019-07-03 14:28:17] security.DEBUG: User was reloaded from a user provider. {"provider":"PrestaShopBundle\\Security\\Admin\\EmployeeProvider","username":"fabiyudzaky@yahoo.co.id"} []
[2019-07-03 14:28:18] app.ERROR: Data from PrestaShop Addons is invalid, and cannot fallback on cache.  {"exception":"cURL error 6: Could not resolve host: api-addons.prestashop.com"} []
[2019-07-03 14:28:19] security.DEBUG: Stored the security token in the session. {"key":"_security_main"} []
[2019-07-03 14:28:27] app.ERROR: Data from PrestaShop Addons is invalid, and cannot fallback on cache.  {"exception":"cURL error 6: Could not resolve host: api-addons.prestashop.com"} []
[2019-07-03 14:28:38] request.INFO: Matched route "admin_payment_preferences". {"route":"admin_payment_preferences","route_parameters":{"_legacy_controller":"AdminPaymentPreferences","_legacy_link":"AdminPaymentPreferences","_controller":"PrestaShopBundle\\Controller\\Admin\\Improve\\Payment\\PaymentPreferencesController::indexAction","_route":"admin_payment_preferences"},"request_uri":"http://localhost/prestashop/adminweb/index.php/improve/payment/preferences?_token=7xWqxegUIdmfBI9d7zEiIUG86pAqHjdkY_79TBCaV2M","method":"GET"} []
[2019-07-03 14:28:39] security.DEBUG: Read existing security token from the session. {"key":"_security_main","token_class":"Symfony\\Component\\Security\\Core\\Authentication\\Token\\UsernamePasswordToken"} []
[2019-07-03 14:28:39] security.DEBUG: User was reloaded from a user provider. {"provider":"PrestaShopBundle\\Security\\Admin\\EmployeeProvider","username":"fabiyudzaky@yahoo.co.id"} []
[2019-07-03 14:28:39] app.ERROR: Data from PrestaShop Addons is invalid, and cannot fallback on cache.  {"exception":"cURL error 6: Could not resolve host: api-addons.prestashop.com"} []
[2019-07-03 14:28:41] security.DEBUG: Stored the security token in the session. {"key":"_security_main"} []
[2019-07-03 14:28:56] request.INFO: Matched route "admin_payment_preferences_process". {"route":"admin_payment_preferences_process","route_parameters":{"_legacy_controller":"AdminPaymentPreferences","_legacy_link":"AdminPaymentPreferences:update","_controller":"PrestaShopBundle\\Controller\\Admin\\Improve\\Payment\\PaymentPreferencesController::processFormAction","_route":"admin_payment_preferences_process"},"request_uri":"http://localhost/prestashop/adminweb/index.php/improve/payment/preferences?_token=7xWqxegUIdmfBI9d7zEiIUG86pAqHjdkY_79TBCaV2M","method":"POST"} []
[2019-07-03 14:28:56] security.DEBUG: Read existing security token from the session. {"key":"_security_main","token_class":"Symfony\\Component\\Security\\Core\\Authentication\\Token\\UsernamePasswordToken"} []
[2019-07-03 14:28:56] security.DEBUG: User was reloaded from a user provider. {"provider":"PrestaShopBundle\\Security\\Admin\\EmployeeProvider","username":"fabiyudzaky@yahoo.co.id"} []
[2019-07-03 14:28:56] app.ERROR: Data from PrestaShop Addons is invalid, and cannot fallback on cache.  {"exception":"cURL error 6: Could not resolve host: api-addons.prestashop.com"} []
[2019-07-03 14:28:58] security.DEBUG: Stored the security token in the session. {"key":"_security_main"} []
[2019-07-03 14:28:58] request.INFO: Matched route "admin_payment_preferences". {"route":"admin_payment_preferences","route_parameters":{"_legacy_controller":"AdminPaymentPreferences","_legacy_link":"AdminPaymentPreferences","_controller":"PrestaShopBundle\\Controller\\Admin\\Improve\\Payment\\PaymentPreferencesController::indexAction","_route":"admin_payment_preferences"},"request_uri":"http://localhost/prestashop/adminweb/index.php/improve/payment/preferences?_token=7xWqxegUIdmfBI9d7zEiIUG86pAqHjdkY_79TBCaV2M","method":"GET"} []
[2019-07-03 14:28:59] security.DEBUG: Read existing security token from the session. {"key":"_security_main","token_class":"Symfony\\Component\\Security\\Core\\Authentication\\Token\\UsernamePasswordToken"} []
[2019-07-03 14:28:59] security.DEBUG: User was reloaded from a user provider. {"provider":"PrestaShopBundle\\Security\\Admin\\EmployeeProvider","username":"fabiyudzaky@yahoo.co.id"} []
[2019-07-03 14:28:59] app.ERROR: Data from PrestaShop Addons is invalid, and cannot fallback on cache.  {"exception":"cURL error 6: Could not resolve host: api-addons.prestashop.com"} []
[2019-07-03 14:29:00] security.DEBUG: Stored the security token in the session. {"key":"_security_main"} []
[2019-07-03 14:28:59] request.INFO: Matched route "admin_payment_preferences_process". {"route":"admin_payment_preferences_process","route_parameters":{"_legacy_controller":"AdminPaymentPreferences","_legacy_link":"AdminPaymentPreferences:update","_controller":"PrestaShopBundle\\Controller\\Admin\\Improve\\Payment\\PaymentPreferencesController::processFormAction","_route":"admin_payment_preferences_process"},"request_uri":"http://localhost/prestashop/adminweb/index.php/improve/payment/preferences?_token=7xWqxegUIdmfBI9d7zEiIUG86pAqHjdkY_79TBCaV2M","method":"POST"} []
[2019-07-03 14:29:00] security.DEBUG: Read existing security token from the session. {"key":"_security_main","token_class":"Symfony\\Component\\Security\\Core\\Authentication\\Token\\UsernamePasswordToken"} []
[2019-07-03 14:29:00] security.DEBUG: User was reloaded from a user provider. {"provider":"PrestaShopBundle\\Security\\Admin\\EmployeeProvider","username":"fabiyudzaky@yahoo.co.id"} []
[2019-07-03 14:29:01] app.ERROR: Data from PrestaShop Addons is invalid, and cannot fallback on cache.  {"exception":"cURL error 6: Could not resolve host: api-addons.prestashop.com"} []
[2019-07-03 14:29:02] security.DEBUG: Stored the security token in the session. {"key":"_security_main"} []
[2019-07-03 14:29:02] request.INFO: Matched route "admin_payment_preferences". {"route":"admin_payment_preferences","route_parameters":{"_legacy_controller":"AdminPaymentPreferences","_legacy_link":"AdminPaymentPreferences","_controller":"PrestaShopBundle\\Controller\\Admin\\Improve\\Payment\\PaymentPreferencesController::indexAction","_route":"admin_payment_preferences"},"request_uri":"http://localhost/prestashop/adminweb/index.php/improve/payment/preferences?_token=7xWqxegUIdmfBI9d7zEiIUG86pAqHjdkY_79TBCaV2M","method":"GET"} []
[2019-07-03 14:29:02] security.DEBUG: Read existing security token from the session. {"key":"_security_main","token_class":"Symfony\\Component\\Security\\Core\\Authentication\\Token\\UsernamePasswordToken"} []
[2019-07-03 14:29:02] security.DEBUG: User was reloaded from a user provider. {"provider":"PrestaShopBundle\\Security\\Admin\\EmployeeProvider","username":"fabiyudzaky@yahoo.co.id"} []
[2019-07-03 14:29:03] app.ERROR: Data from PrestaShop Addons is invalid, and cannot fallback on cache.  {"exception":"cURL error 6: Could not resolve host: api-addons.prestashop.com"} []
[2019-07-03 14:29:04] security.DEBUG: Stored the security token in the session. {"key":"_security_main"} []
[2019-07-03 14:29:18] request.INFO: Matched route "admin_payment_preferences_process". {"route":"admin_payment_preferences_process","route_parameters":{"_legacy_controller":"AdminPaymentPreferences","_legacy_link":"AdminPaymentPreferences:update","_controller":"PrestaShopBundle\\Controller\\Admin\\Improve\\Payment\\PaymentPreferencesController::processFormAction","_route":"admin_payment_preferences_process"},"request_uri":"http://localhost/prestashop/adminweb/index.php/improve/payment/preferences?_token=7xWqxegUIdmfBI9d7zEiIUG86pAqHjdkY_79TBCaV2M","method":"POST"} []
[2019-07-03 14:29:18] security.DEBUG: Read existing security token from the session. {"key":"_security_main","token_class":"Symfony\\Component\\Security\\Core\\Authentication\\Token\\UsernamePasswordToken"} []
[2019-07-03 14:29:18] security.DEBUG: User was reloaded from a user provider. {"provider":"PrestaShopBundle\\Security\\Admin\\EmployeeProvider","username":"fabiyudzaky@yahoo.co.id"} []
[2019-07-03 14:29:18] app.ERROR: Data from PrestaShop Addons is invalid, and cannot fallback on cache.  {"exception":"cURL error 6: Could not resolve host: api-addons.prestashop.com"} []
[2019-07-03 14:29:20] security.DEBUG: Stored the security token in the session. {"key":"_security_main"} []
[2019-07-03 14:29:20] request.INFO: Matched route "admin_payment_preferences". {"route":"admin_payment_preferences","route_parameters":{"_legacy_controller":"AdminPaymentPreferences","_legacy_link":"AdminPaymentPreferences","_controller":"PrestaShopBundle\\Controller\\Admin\\Improve\\Payment\\PaymentPreferencesController::indexAction","_route":"admin_payment_preferences"},"request_uri":"http://localhost/prestashop/adminweb/index.php/improve/payment/preferences?_token=7xWqxegUIdmfBI9d7zEiIUG86pAqHjdkY_79TBCaV2M","method":"GET"} []
[2019-07-03 14:29:20] security.DEBUG: Read existing security token from the session. {"key":"_security_main","token_class":"Symfony\\Component\\Security\\Core\\Authentication\\Token\\UsernamePasswordToken"} []
[2019-07-03 14:29:20] security.DEBUG: User was reloaded from a user provider. {"provider":"PrestaShopBundle\\Security\\Admin\\EmployeeProvider","username":"fabiyudzaky@yahoo.co.id"} []
[2019-07-03 14:29:21] app.ERROR: Data from PrestaShop Addons is invalid, and cannot fallback on cache.  {"exception":"cURL error 6: Could not resolve host: api-addons.prestashop.com"} []
[2019-07-03 14:29:22] security.DEBUG: Stored the security token in the session. {"key":"_security_main"} []
[2019-07-03 14:29:22] request.INFO: Matched route "admin_payment_preferences_process". {"route":"admin_payment_preferences_process","route_parameters":{"_legacy_controller":"AdminPaymentPreferences","_legacy_link":"AdminPaymentPreferences:update","_controller":"PrestaShopBundle\\Controller\\Admin\\Improve\\Payment\\PaymentPreferencesController::processFormAction","_route":"admin_payment_preferences_process"},"request_uri":"http://localhost/prestashop/adminweb/index.php/improve/payment/preferences?_token=7xWqxegUIdmfBI9d7zEiIUG86pAqHjdkY_79TBCaV2M","method":"POST"} []
[2019-07-03 14:29:22] security.DEBUG: Read existing security token from the session. {"key":"_security_main","token_class":"Symfony\\Component\\Security\\Core\\Authentication\\Token\\UsernamePasswordToken"} []
[2019-07-03 14:29:22] security.DEBUG: User was reloaded from a user provider. {"provider":"PrestaShopBundle\\Security\\Admin\\EmployeeProvider","username":"fabiyudzaky@yahoo.co.id"} []
[2019-07-03 14:29:22] app.ERROR: Data from PrestaShop Addons is invalid, and cannot fallback on cache.  {"exception":"cURL error 6: Could not resolve host: api-addons.prestashop.com"} []
[2019-07-03 14:29:24] security.DEBUG: Stored the security token in the session. {"key":"_security_main"} []
[2019-07-03 14:29:24] request.INFO: Matched route "admin_payment_preferences". {"route":"admin_payment_preferences","route_parameters":{"_legacy_controller":"AdminPaymentPreferences","_legacy_link":"AdminPaymentPreferences","_controller":"PrestaShopBundle\\Controller\\Admin\\Improve\\Payment\\PaymentPreferencesController::indexAction","_route":"admin_payment_preferences"},"request_uri":"http://localhost/prestashop/adminweb/index.php/improve/payment/preferences?_token=7xWqxegUIdmfBI9d7zEiIUG86pAqHjdkY_79TBCaV2M","method":"GET"} []
[2019-07-03 14:29:24] security.DEBUG: Read existing security token from the session. {"key":"_security_main","token_class":"Symfony\\Component\\Security\\Core\\Authentication\\Token\\UsernamePasswordToken"} []
[2019-07-03 14:29:24] security.DEBUG: User was reloaded from a user provider. {"provider":"PrestaShopBundle\\Security\\Admin\\EmployeeProvider","username":"fabiyudzaky@yahoo.co.id"} []
[2019-07-03 14:29:25] app.ERROR: Data from PrestaShop Addons is invalid, and cannot fallback on cache.  {"exception":"cURL error 6: Could not resolve host: api-addons.prestashop.com"} []
[2019-07-03 14:29:26] security.DEBUG: Stored the security token in the session. {"key":"_security_main"} []
[2019-07-03 14:29:38] request.INFO: Matched route "admin_payment_methods". {"route":"admin_payment_methods","route_parameters":{"_controller":"PrestaShopBundle\\Controller\\Admin\\Improve\\Payment\\PaymentMethodsController::indexAction","_legacy_controller":"AdminPayment","_legacy_link":"AdminPayment","_route":"admin_payment_methods"},"request_uri":"http://localhost/prestashop/adminweb/index.php/improve/payment/payment_methods?_token=7xWqxegUIdmfBI9d7zEiIUG86pAqHjdkY_79TBCaV2M","method":"GET"} []
[2019-07-03 14:29:38] security.DEBUG: Read existing security token from the session. {"key":"_security_main","token_class":"Symfony\\Component\\Security\\Core\\Authentication\\Token\\UsernamePasswordToken"} []
[2019-07-03 14:29:38] security.DEBUG: User was reloaded from a user provider. {"provider":"PrestaShopBundle\\Security\\Admin\\EmployeeProvider","username":"fabiyudzaky@yahoo.co.id"} []
[2019-07-03 14:29:39] app.ERROR: Data from PrestaShop Addons is invalid, and cannot fallback on cache.  {"exception":"cURL error 6: Could not resolve host: api-addons.prestashop.com"} []
[2019-07-03 14:29:39] security.DEBUG: Stored the security token in the session. {"key":"_security_main"} []
[2019-07-04 16:33:33] request.INFO: Matched route "admin_module_manage". {"route":"admin_module_manage","route_parameters":{"category":null,"keyword":null,"_controller":"PrestaShopBundle\\Controller\\Admin\\Improve\\ModuleController::manageAction","_legacy_controller":"AdminModulesManage","_legacy_link":["AdminModulesManage","AdminModulesSf"],"_route":"admin_module_manage"},"request_uri":"http://localhost/prestashop/adminweb/index.php/improve/modules/manage?_token=pH3ivihKEUWho1ihPiz3ua5zfXVPIQgW6pDD4lJS_7c","method":"GET"} []
[2019-07-04 16:33:33] security.DEBUG: Read existing security token from the session. {"key":"_security_main","token_class":"Symfony\\Component\\Security\\Core\\Authentication\\Token\\UsernamePasswordToken"} []
[2019-07-04 16:33:33] security.DEBUG: User was reloaded from a user provider. {"provider":"PrestaShopBundle\\Security\\Admin\\EmployeeProvider","username":"fabiyudzaky@yahoo.co.id"} []
[2019-07-04 16:33:34] app.ERROR: Data from PrestaShop Addons is invalid, and cannot fallback on cache.  {"exception":"cURL error 6: Could not resolve host: api-addons.prestashop.com"} []
[2019-07-04 16:33:36] security.DEBUG: Stored the security token in the session. {"key":"_security_main"} []
[2019-07-04 16:33:37] request.INFO: Matched route "admin_module_notification_count". {"route":"admin_module_notification_count","route_parameters":{"_controller":"PrestaShopBundle\\Controller\\Admin\\Improve\\Modules\\AlertsController::notificationsCountAction","_legacy_controller":"AdminModulesNotifications","_legacy_link":"AdminModulesNotifications:count","_route":"admin_module_notification_count"},"request_uri":"http://localhost/prestashop/adminweb/index.php/improve/modules/alerts/count?_token=pH3ivihKEUWho1ihPiz3ua5zfXVPIQgW6pDD4lJS_7c","method":"GET"} []
[2019-07-04 16:33:37] security.DEBUG: Read existing security token from the session. {"key":"_security_main","token_class":"Symfony\\Component\\Security\\Core\\Authentication\\Token\\UsernamePasswordToken"} []
[2019-07-04 16:33:37] security.DEBUG: User was reloaded from a user provider. {"provider":"PrestaShopBundle\\Security\\Admin\\EmployeeProvider","username":"fabiyudzaky@yahoo.co.id"} []
[2019-07-04 16:33:37] app.ERROR: Data from PrestaShop Addons is invalid, and cannot fallback on cache.  {"exception":"cURL error 6: Could not resolve host: api-addons.prestashop.com"} []
[2019-07-04 16:33:39] security.DEBUG: Stored the security token in the session. {"key":"_security_main"} []
